<?xml version="1.0" encoding="UTF-8"?>
<!-- Generated by org.testng.reporters.JUnitReportReporter -->
<testsuite hostname="DESKTOP-CDGJAIV" failures="0" tests="1" name="selenium_gradle.SeleniumTest" time="1.931" errors="0" timestamp="2022-10-30T21:14:44 EET" skipped="0">
  <testcase classname="selenium_gradle.SeleniumTest" name="testAutomate" time="1.931"/>
  <system-out/>
</testsuite> <!-- selenium_gradle.SeleniumTest -->
