<?xml version="1.0" encoding="UTF-8"?>
<!-- Generated by org.testng.reporters.JUnitReportReporter -->
<testsuite hostname="DESKTOP-CDGJAIV" failures="0" tests="1" name="com.herokuapp.test.HomepageTest" time="1.246" errors="0" timestamp="2022-11-12T12:08:30 EET" skipped="0">
  <testcase classname="com.herokuapp.test.HomepageTest" name="fillTheData" time="1.246"/>
  <system-out/>
</testsuite> <!-- com.herokuapp.test.HomepageTest -->
